Created by PLY version 3.9 (http://www.dabeaz.com/ply)

Unused terminals:

    METHOD
    CLASS

Grammar

Rule 0     S' -> create_call
Rule 1     create_call -> INTENTS ACTIONCALL INIT_INTENT SET_DATA

Terminals, with rules where they appear

ACTIONCALL           : 1
CLASS                : 
INIT_INTENT          : 1
INTENTS              : 1
METHOD               : 
SET_DATA             : 1
error                : 

Nonterminals, with rules where they appear

create_call          : 0

Parsing method: LALR

state 0

    (0) S' -> . create_call
    (1) create_call -> . INTENTS ACTIONCALL INIT_INTENT SET_DATA

    INTENTS         shift and go to state 1

    create_call                    shift and go to state 2

state 1

    (1) create_call -> INTENTS . ACTIONCALL INIT_INTENT SET_DATA

    ACTIONCALL      shift and go to state 3


state 2

    (0) S' -> create_call .



state 3

    (1) create_call -> INTENTS ACTIONCALL . INIT_INTENT SET_DATA

    INIT_INTENT     shift and go to state 4


state 4

    (1) create_call -> INTENTS ACTIONCALL INIT_INTENT . SET_DATA

    SET_DATA        shift and go to state 5


state 5

    (1) create_call -> INTENTS ACTIONCALL INIT_INTENT SET_DATA .

    $end            reduce using rule 1 (create_call -> INTENTS ACTIONCALL INIT_INTENT SET_DATA .)

